# JRE version: Java(TM) SE Runtime Environment (8.0_221-b11) (build 1.8.0_221-b11)
# Java VM: Java HotSpot(TM) 64-Bit Server VM (25.221-b11 mixed mode bsd-amd64 compressed oops)
Heap:
 PSYoungGen      total 153088K, used 116658K [0x0000000715580000, 0x0000000728080000, 0x00000007c0000000)
  eden space 131584K, 88% used [0x0000000715580000,0x000000071c76ca08,0x000000071d600000)
  from space 21504K, 0% used [0x000000071d600000,0x000000071d600000,0x000000071eb00000)
  to   space 21504K, 0% used [0x0000000726b80000,0x0000000726b80000,0x0000000728080000)
 ParOldGen       total 151040K, used 12302K [0x00000005c0000000, 0x00000005c9380000, 0x0000000715580000)
  object space 151040K, 8% used [0x00000005c0000000,0x00000005c0c03870,0x00000005c9380000)
 Metaspace       used 22123K, capacity 22586K, committed 22912K, reserved 1069056K
  class space    used 2472K, capacity 2603K, committed 2688K, reserved 1048576K
GC Heap History (8 events):
Event: 31.406 GC heap before
{Heap before GC invocations=1 (full 0):
 PSYoungGen      total 153088K, used 131584K [0x0000000715580000, 0x0000000720000000, 0x00000007c0000000)
  eden space 131584K, 100% used [0x0000000715580000,0x000000071d600000,0x000000071d600000)
  from space 21504K, 0% used [0x000000071eb00000,0x000000071eb00000,0x0000000720000000)
  to   space 21504K, 0% used [0x000000071d600000,0x000000071d600000,0x000000071eb00000)
 ParOldGen       total 349696K, used 0K [0x00000005c0000000, 0x00000005d5580000, 0x0000000715580000)
  object space 349696K, 0% used [0x00000005c0000000,0x00000005c0000000,0x00000005d5580000)
 Metaspace       used 16115K, capacity 16318K, committed 16512K, reserved 1064960K
  class space    used 1772K, capacity 1853K, committed 1920K, reserved 1048576K
Event: 31.430 GC heap after
Heap after GC invocations=1 (full 0):
 PSYoungGen      total 153088K, used 11942K [0x0000000715580000, 0x0000000720000000, 0x00000007c0000000)
  eden space 131584K, 0% used [0x0000000715580000,0x0000000715580000,0x000000071d600000)
  from space 21504K, 55% used [0x000000071d600000,0x000000071e1a9a30,0x000000071eb00000)
  to   space 21504K, 0% used [0x000000071eb00000,0x000000071eb00000,0x0000000720000000)
 ParOldGen       total 349696K, used 24K [0x00000005c0000000, 0x00000005d5580000, 0x0000000715580000)
  object space 349696K, 0% used [0x00000005c0000000,0x00000005c0006000,0x00000005d5580000)
 Metaspace       used 16115K, capacity 16318K, committed 16512K, reserved 1064960K
  class space    used 1772K, capacity 1853K, committed 1920K, reserved 1048576K
}
Event: 55.611 GC heap before
{Heap before GC invocations=2 (full 0):
 PSYoungGen      total 153088K, used 143526K [0x0000000715580000, 0x0000000720000000, 0x00000007c0000000)
  eden space 131584K, 100% used [0x0000000715580000,0x000000071d600000,0x000000071d600000)
  from space 21504K, 55% used [0x000000071d600000,0x000000071e1a9a30,0x000000071eb00000)
  to   space 21504K, 0% used [0x000000071eb00000,0x000000071eb00000,0x0000000720000000)
 ParOldGen       total 349696K, used 24K [0x00000005c0000000, 0x00000005d5580000, 0x0000000715580000)
  object space 349696K, 0% used [0x00000005c0000000,0x00000005c0006000,0x00000005d5580000)
 Metaspace       used 20413K, capacity 20648K, committed 20864K, reserved 1067008K
  class space    used 2287K, capacity 2360K, committed 2432K, reserved 1048576K
Event: 55.630 GC heap after
Heap after GC invocations=2 (full 0):
 PSYoungGen      total 153088K, used 15402K [0x0000000715580000, 0x0000000720000000, 0x00000007c0000000)
  eden space 131584K, 0% used [0x0000000715580000,0x0000000715580000,0x000000071d600000)
  from space 21504K, 71% used [0x000000071eb00000,0x000000071fa0abb8,0x0000000720000000)
  to   space 21504K, 0% used [0x000000071d600000,0x000000071d600000,0x000000071eb00000)
 ParOldGen       total 349696K, used 40K [0x00000005c0000000, 0x00000005d5580000, 0x0000000715580000)
  object space 349696K, 0% used [0x00000005c0000000,0x00000005c000a000,0x00000005d5580000)
 Metaspace       used 20413K, capacity 20648K, committed 20864K, reserved 1067008K
  class space    used 2287K, capacity 2360K, committed 2432K, reserved 1048576K
}
Event: 55.760 GC heap before
{Heap before GC invocations=3 (full 0):
 PSYoungGen      total 153088K, used 25730K [0x0000000715580000, 0x0000000720000000, 0x00000007c0000000)
  eden space 131584K, 7% used [0x0000000715580000,0x0000000715f95e30,0x000000071d600000)
  from space 21504K, 71% used [0x000000071eb00000,0x000000071fa0abb8,0x0000000720000000)
  to   space 21504K, 0% used [0x000000071d600000,0x000000071d600000,0x000000071eb00000)
 ParOldGen       total 349696K, used 40K [0x00000005c0000000, 0x00000005d5580000, 0x0000000715580000)
  object space 349696K, 0% used [0x00000005c0000000,0x00000005c000a000,0x00000005d5580000)
 Metaspace       used 20808K, capacity 21104K, committed 21248K, reserved 1069056K
  class space    used 2345K, capacity 2436K, committed 2560K, reserved 1048576K
Event: 55.770 GC heap after
Heap after GC invocations=3 (full 0):
 PSYoungGen      total 153088K, used 12537K [0x0000000715580000, 0x0000000728080000, 0x00000007c0000000)
  eden space 131584K, 0% used [0x0000000715580000,0x0000000715580000,0x000000071d600000)
  from space 21504K, 58% used [0x000000071d600000,0x000000071e23e730,0x000000071eb00000)
  to   space 21504K, 0% used [0x0000000726b80000,0x0000000726b80000,0x0000000728080000)
 ParOldGen       total 349696K, used 48K [0x00000005c0000000, 0x00000005d5580000, 0x0000000715580000)
  object space 349696K, 0% used [0x00000005c0000000,0x00000005c000c000,0x00000005d5580000)
 Metaspace       used 20808K, capacity 21104K, committed 21248K, reserved 1069056K
  class space    used 2345K, capacity 2436K, committed 2560K, reserved 1048576K
}
Event: 55.770 GC heap before
{Heap before GC invocations=4 (full 1):
 PSYoungGen      total 153088K, used 12537K [0x0000000715580000, 0x0000000728080000, 0x00000007c0000000)
  eden space 131584K, 0% used [0x0000000715580000,0x0000000715580000,0x000000071d600000)
  from space 21504K, 58% used [0x000000071d600000,0x000000071e23e730,0x000000071eb00000)
  to   space 21504K, 0% used [0x0000000726b80000,0x0000000726b80000,0x0000000728080000)
 ParOldGen       total 349696K, used 48K [0x00000005c0000000, 0x00000005d5580000, 0x0000000715580000)
  object space 349696K, 0% used [0x00000005c0000000,0x00000005c000c000,0x00000005d5580000)
 Metaspace       used 20808K, capacity 21104K, committed 21248K, reserved 1069056K
  class space    used 2345K, capacity 2436K, committed 2560K, reserved 1048576K
Event: 55.828 GC heap after
Heap after GC invocations=4 (full 1):
 PSYoungGen      total 153088K, used 0K [0x0000000715580000, 0x0000000728080000, 0x00000007c0000000)
  eden space 131584K, 0% used [0x0000000715580000,0x0000000715580000,0x000000071d600000)
  from space 21504K, 0% used [0x000000071d600000,0x000000071d600000,0x000000071eb00000)
  to   space 21504K, 0% used [0x0000000726b80000,0x0000000726b80000,0x0000000728080000)
 ParOldGen       total 151040K, used 12302K [0x00000005c0000000, 0x00000005c9380000, 0x0000000715580000)
  object space 151040K, 8% used [0x00000005c0000000,0x00000005c0c03870,0x00000005c9380000)
 Metaspace       used 20808K, capacity 21104K, committed 21248K, reserved 1069056K
  class space    used 2345K, capacity 2436K, committed 2560K, reserved 1048576K
}

